#
# There is insufficient memory for the Java Runtime Environment to continue.
# Native memory allocation (malloc) failed to allocate 1048576 bytes for AllocateHeap
# Possible reasons:
#   The system is out of physical RAM or swap space
#   In 32 bit mode, the process size limit was hit
# Possible solutions:
#   Reduce memory load on the system
#   Increase physical memory or swap space
#   Check if swap backing store is full
#   Use 64 bit Java on a 64 bit OS
#   Decrease Java heap size (-Xmx/-Xms)
#   Decrease number of Java threads
#   Decrease Java thread stack sizes (-Xss)
#   Set larger code cache with -XX:ReservedCodeCacheSize=
# This output file may be truncated or incomplete.
#
#  Out of Memory Error (memory/allocation.inline.hpp:61), pid=14252, tid=0x0000000000004218
#
# JRE version:  (8.0_181-b13) (build )
# Java VM: Java HotSpot(TM) 64-Bit Server VM (25.181-b13 mixed mode windows-amd64 compressed oops)
# Failed to write core dump. Minidumps are not enabled by default on client versions of Windows
#

---------------  T H R E A D  ---------------

Current thread (0x0000000002692800):  JavaThread "Unknown thread" [_thread_in_vm, id=16920, stack(0x0000000002490000,0x0000000002590000)]

Stack: [0x0000000002490000,0x0000000002590000]
[error occurred during error reporting (printing stack bounds), id 0xc0000005]

Native frames: (J=compiled Java code, j=interpreted, Vv=VM code, C=native code)


---------------  P R O C E S S  ---------------

Java Threads: ( => current thread )

Other Threads:

=>0x0000000002692800 (exited) JavaThread "Unknown thread" [_thread_in_vm, id=16920, stack(0x0000000002490000,0x0000000002590000)]

VM state:not at safepoint (normal execution)

VM Mutex/Monitor currently owned by a thread: None

Heap:
 PSYoungGen      total 18944K, used 327K [0x00000000feb00000, 0x0000000100000000, 0x0000000100000000)
  eden space 16384K, 2% used [0x00000000feb00000,0x00000000feb51ec8,0x00000000ffb00000)
  from space 2560K, 0% used [0x00000000ffd80000,0x00000000ffd80000,0x0000000100000000)
  to   space 2560K, 0% used [0x00000000ffb00000,0x00000000ffb00000,0x00000000ffd80000)
 ParOldGen       total 44032K, used 0K [0x00000000fc000000, 0x00000000feb00000, 0x00000000feb00000)
  object space 44032K, 0% used [0x00000000fc000000,0x00000000fc000000,0x00000000feb00000)
 Metaspace       used 775K, capacity 4480K, committed 4480K, reserved 1056768K
  class space    used 76K, capacity 384K, committed 384K, reserved 1048576K

Card table byte_map: [0x00000000025c0000,0x00000000025f0000] byte_map_base: 0x0000000001de0000

Marking Bits: (ParMarkBitMap*) 0x0000000073392d00
 Begin Bits: [0x0000000011f50000, 0x0000000012050000)
 End Bits:   [0x0000000012050000, 0x0000000012150000)

Polling page: 0x0000000002590000

CodeCache: size=245760Kb used=328Kb max_used=328Kb free=245431Kb
 bounds [0x0000000002790000, 0x0000000002a00000, 0x0000000011790000]
 total_blobs=58 nmethods=0 adapters=38
 compilation: enabled

Compilation events (0 events):
No events

GC Heap History (0 events):
No events

Deoptimization events (0 events):
No events

Classes redefined (0 events):
No events

Internal exceptions (0 events):
No events

Events (10 events):
Event: 0.020 loading class java/lang/Short
Event: 0.021 loading class java/lang/Short done
Event: 0.021 loading class java/lang/Integer
Event: 0.021 loading class java/lang/Integer done
Event: 0.021 loading class java/lang/Long
Event: 0.021 loading class java/lang/Long done
Event: 0.021 loading class java/lang/NullPointerException
Event: 0.021 loading class java/lang/NullPointerException done
Event: 0.021 loading class java/lang/ArithmeticException
Event: 0.021 loading class java/lang/ArithmeticException done


Dynamic libraries:
0x00007ff76cc30000 - 0x00007ff76cc67000 	C:\Program Files\Java\jdk1.8.0_181\bin\java.exe
0x00007ffec2cb0000 - 0x00007ffec2ea5000 	C:\WINDOWS\SYSTEM32\ntdll.dll
0x00007ffec2a80000 - 0x00007ffec2b3d000 	C:\WINDOWS\System32\KERNEL32.DLL
0x00007ffec0890000 - 0x00007ffec0b58000 	C:\WINDOWS\System32\KERNELBASE.dll
0x00007ffec0fa0000 - 0x00007ffec104c000 	C:\WINDOWS\System32\ADVAPI32.dll
0x00007ffec1710000 - 0x00007ffec17ae000 	C:\WINDOWS\System32\msvcrt.dll
0x00007ffec28b0000 - 0x00007ffec294b000 	C:\WINDOWS\System32\sechost.dll
0x00007ffec11f0000 - 0x00007ffec131b000 	C:\WINDOWS\System32\RPCRT4.dll
0x00007ffec1050000 - 0x00007ffec11f0000 	C:\WINDOWS\System32\USER32.dll
0x00007ffec0740000 - 0x00007ffec0762000 	C:\WINDOWS\System32\win32u.dll
0x00007ffec0d80000 - 0x00007ffec0daa000 	C:\WINDOWS\System32\GDI32.dll
0x00007ffec0b60000 - 0x00007ffec0c6b000 	C:\WINDOWS\System32\gdi32full.dll
0x00007ffec07f0000 - 0x00007ffec088d000 	C:\WINDOWS\System32\msvcp_win.dll
0x00007ffec05e0000 - 0x00007ffec06e0000 	C:\WINDOWS\System32\ucrtbase.dll
0x00007ffeaf8e0000 - 0x00007ffeafb7a000 	C:\WINDOWS\WinSxS\amd64_microsoft.windows.common-controls_6595b64144ccf1df_6.0.19041.1052_none_60b8f8fd71f5e8cb\COMCTL32.dll
0x00007ffec0db0000 - 0x00007ffec0de0000 	C:\WINDOWS\System32\IMM32.DLL
0x0000000073420000 - 0x00000000734f2000 	C:\Program Files\Java\jdk1.8.0_181\jre\bin\msvcr100.dll
0x0000000072b70000 - 0x0000000073412000 	C:\Program Files\Java\jdk1.8.0_181\jre\bin\server\jvm.dll
0x00007ffec13d0000 - 0x00007ffec13d8000 	C:\WINDOWS\System32\PSAPI.DLL
0x00007ffeb0a40000 - 0x00007ffeb0a67000 	C:\WINDOWS\SYSTEM32\WINMM.dll
0x00007ffeb6c00000 - 0x00007ffeb6c0a000 	C:\WINDOWS\SYSTEM32\VERSION.dll
0x00007ffeb4190000 - 0x00007ffeb4199000 	C:\WINDOWS\SYSTEM32\WSOCK32.dll
0x00007ffec1ff0000 - 0x00007ffec205b000 	C:\WINDOWS\System32\WS2_32.dll
0x0000000072b60000 - 0x0000000072b6f000 	C:\Program Files\Java\jdk1.8.0_181\jre\bin\verify.dll
0x0000000072b30000 - 0x0000000072b59000 	C:\Program Files\Java\jdk1.8.0_181\jre\bin\java.dll
0x0000000072b10000 - 0x0000000072b26000 	C:\Program Files\Java\jdk1.8.0_181\jre\bin\zip.dll

VM Arguments:
jvm_args: -Xmx64m -Xms64m -Dorg.gradle.appname=gradlew 
java_command: org.gradle.wrapper.GradleWrapperMain app:installDebug -PreactNativeDevServerPort=8081
java_class_path (initial): E:\QuranApp\android\\gradle\wrapper\gradle-wrapper.jar
Launcher Type: SUN_STANDARD

Environment Variables:
JAVA_HOME=C:\Program Files\Java\jdk1.8.0_181
CLASSPATH=E:\QuranApp\android\\gradle\wrapper\gradle-wrapper.jar
PATH=E:\QuranApp\android\node_modules\.bin;E:\QuranApp\node_modules\.bin;E:\node_modules\.bin;C:\Program Files\nodejs;C:\Python27\;C:\Python27\Scripts;C:\Program Files (x86)\NVIDIA Corporation\PhysX\Common;C:\Program Files (x86)\Common Files\Oracle\Java\javapath;C:\WINDOWS\system32;C:\WINDOWS;C:\WINDOWS\System32\Wbem;C:\WINDOWS\System32\WindowsPowerShell\v1.0\;C:\WINDOWS\System32\OpenSSH\;C:\Program Files\Git\cmd;C:\HashiCorp\Vagrant\bin;C:\Program Files\PuTTY\;C:\Program Files\Java\jdk1.8.0_181;C:\ProgramData\chocolatey\bin;C:\Program Files\OpenJDK\openjdk-8u262-b10\bin;C:\Program Files\Microsoft SQL Server\130\Tools\Binn\;C:\Program Files (x86)\Microsoft SQL Server\100\Tools\Binn\;C:\Program Files\Microsoft SQL Server\100\Tools\Binn\;C:\Program Files\Microsoft SQL Server\100\DTS\Binn\;C:\Program Files (x86)\Microsoft SQL Server\100\Tools\Binn\VSShell\Common7\IDE\;C:\Program Files (x86)\Microsoft SQL Server\100\DTS\Binn\;C:\Program Files (x86)\Microsoft Visual Studio 9.0\Common7\IDE\PrivateAssemblies\;C:\ProgramData\ComposerSetup\bin;C:\Program Files\nodejs\;C:\Users\Asim Raza\AppData\Local\Microsoft\WindowsApps;C:\php;C:\Program Files\Oracle\VirtualBox\;C:\Users\Asim Raza\AppData\Local\Programs\Microsoft VS Code\bin;C:\Users\Asim Raza\AppData\Roaming\Composer\vendor\bin;C:\Users\Asim Raza\AppData\Local\Android\Sdk\platforms;C:\Users\Asim Raza\AppData\Local\Android\Sdk\platform-tools;C:\Users\Asim Raza\AppData\Local\Android\Sdk\tools;C:\Users\Asim Raza\AppData\Local\Android\Sdk\tools\bin;C:\Users\Asim Raza\AppData\Local\Android\Sdk\emulator;C:\Program Files\Java\jdk1.8.0_181\bin;C:\Users\Asim Raza\AppData\Roaming\npm;E:\flutter_windows_2.0.2-stable\flutter\bin;E:\flutter_windows_2.0.2-stable\flutter;
USERNAME=Asim Raza
OS=Windows_NT
PROCESSOR_IDENTIFIER=Intel64 Family 6 Model 60 Stepping 3, GenuineIntel



---------------  S Y S T E M  ---------------

OS: Windows 10.0 , 64 bit Build 19041 (10.0.19041.1023)

CPU:total 4 (initial active 4) (2 cores per cpu, 2 threads per core) family 6 model 60 stepping 3, cmov, cx8, fxsr, mmx, sse, sse2, sse3, ssse3, sse4.1, sse4.2, popcnt, avx, avx2, aes, clmul, erms, lzcnt, ht, tsc, tscinvbit, bmi1, bmi2

Memory: 4k page, physical 16688236k(2330376k free), swap 27173996k(5816k free)

vm_info: Java HotSpot(TM) 64-Bit Server VM (25.181-b13) for windows-amd64 JRE (1.8.0_181-b13), built on Jul  7 2018 04:01:33 by "java_re" with MS VC++ 10.0 (VS2010)

time: Thu Jul 08 12:04:05 2021
elapsed time: 0 seconds (0d 0h 0m 0s)

