#
# There is insufficient memory for the Java Runtime Environment to continue.
# Native memory allocation (malloc) failed to allocate 543056 bytes for Chunk::new
# Possible reasons:
#   The system is out of physical RAM or swap space
#   In 32 bit mode, the process size limit was hit
# Possible solutions:
#   Reduce memory load on the system
#   Increase physical memory or swap space
#   Check if swap backing store is full
#   Use 64 bit Java on a 64 bit OS
#   Decrease Java heap size (-Xmx/-Xms)
#   Decrease number of Java threads
#   Decrease Java thread stack sizes (-Xss)
#   Set larger code cache with -XX:ReservedCodeCacheSize=
# This output file may be truncated or incomplete.
#
#  Out of Memory Error (allocation.cpp:390), pid=4636, tid=0x00000000000023d8
#
# JRE version: Java(TM) SE Runtime Environment (8.0_181-b13) (build 1.8.0_181-b13)
# Java VM: Java HotSpot(TM) 64-Bit Server VM (25.181-b13 mixed mode windows-amd64 compressed oops)
# Failed to write core dump. Minidumps are not enabled by default on client versions of Windows
#

---------------  T H R E A D  ---------------

Current thread (0x000000001bdf1000):  JavaThread "C2 CompilerThread0" daemon [_thread_in_native, id=9176, stack(0x000000001d450000,0x000000001d550000)]

Stack: [0x000000001d450000,0x000000001d550000]
[error occurred during error reporting (printing stack bounds), id 0xc0000005]

Native frames: (J=compiled Java code, j=interpreted, Vv=VM code, C=native code)


Current CompileTask:
C2:  22985 10790       4       org.jetbrains.kotlin.types.TypeSubstitutor::substitute (49 bytes)


---------------  P R O C E S S  ---------------

Java Threads: ( => current thread )
  0x000000001be4d000 JavaThread "Service Thread" daemon [_thread_blocked, id=5620, stack(0x000000001db50000,0x000000001dc50000)]
  0x000000001d658800 JavaThread "C1 CompilerThread2" daemon [_thread_blocked, id=7108, stack(0x000000001da50000,0x000000001db50000)]
  0x000000001bdf5800 JavaThread "C2 CompilerThread1" daemon [_thread_in_native, id=20596, stack(0x000000001d550000,0x000000001d650000)]
=>0x000000001bdf1000 JavaThread "C2 CompilerThread0" daemon [_thread_in_native, id=9176, stack(0x000000001d450000,0x000000001d550000)]
  0x000000001bdef800 JavaThread "Attach Listener" daemon [_thread_blocked, id=18736, stack(0x000000001d350000,0x000000001d450000)]
  0x000000001bdee800 JavaThread "Signal Dispatcher" daemon [_thread_blocked, id=11156, stack(0x000000001d250000,0x000000001d350000)]
  0x00000000027d7000 JavaThread "Finalizer" daemon [_thread_blocked, id=5904, stack(0x000000001d050000,0x000000001d150000)]
  0x00000000027d3000 JavaThread "Reference Handler" daemon [_thread_blocked, id=19588, stack(0x000000001cf50000,0x000000001d050000)]
  0x00000000026e3000 JavaThread "main" [_thread_in_vm, id=12520, stack(0x00000000025e0000,0x00000000026e0000)]

Other Threads:
  0x000000001bdb7000 VMThread [stack: 0x000000001ce50000,0x000000001cf50000] [id=10112]
  0x000000001d65c000 WatcherThread [stack: 0x000000001dc50000,0x000000001dd50000] [id=11884]

VM state:not at safepoint (normal execution)

VM Mutex/Monitor currently owned by a thread: None

Heap:
 PSYoungGen      total 178176K, used 91860K [0x000000076b180000, 0x000000077b900000, 0x00000007c0000000)
  eden space 139776K, 65% used [0x000000076b180000,0x0000000770b35068,0x0000000773a00000)
  from space 38400K, 0% used [0x0000000776100000,0x0000000776100000,0x0000000778680000)
  to   space 39936K, 0% used [0x0000000773a00000,0x0000000773a00000,0x0000000776100000)
 ParOldGen       total 278016K, used 64682K [0x00000006c1400000, 0x00000006d2380000, 0x000000076b180000)
  object space 278016K, 23% used [0x00000006c1400000,0x00000006c532a990,0x00000006d2380000)
 Metaspace       used 61358K, capacity 62672K, committed 62848K, reserved 1103872K
  class space    used 7431K, capacity 7740K, committed 7808K, reserved 1048576K

Card table byte_map: [0x0000000011ba0000,0x00000000123a0000] byte_map_base: 0x000000000e596000

Marking Bits: (ParMarkBitMap*) 0x0000000072982d00
 Begin Bits: [0x0000000012cf0000, 0x0000000016ca0000)
 End Bits:   [0x0000000016ca0000, 0x000000001ac50000)

Polling page: 0x00000000024f0000

CodeCache: size=245760Kb used=40854Kb max_used=41010Kb free=204905Kb
 bounds [0x00000000027e0000, 0x0000000005010000, 0x00000000117e0000]
 total_blobs=9907 nmethods=9377 adapters=440
 compilation: enabled

Compilation events (10 events):
Event: 22.964 Thread 0x000000001d658800 nmethod 10844 0x000000000500d710 code [0x000000000500d9e0, 0x000000000500ec18]
Event: 22.965 Thread 0x000000001d658800 10845       3       org.jetbrains.kotlin.resolve.calls.tower.NewResolvedCallImpl::getArgumentTypeForConstantConvertedArgument (46 bytes)
Event: 22.966 Thread 0x000000001d658800 nmethod 10845 0x0000000002eccd90 code [0x0000000002eccfa0, 0x0000000002ecd958]
Event: 22.967 Thread 0x000000001d658800 10846       3       org.jetbrains.kotlin.resolve.calls.resolvedCallUtil.ResolvedCallUtilKt::hasSafeNullableReceiver (93 bytes)
Event: 22.968 Thread 0x000000001d658800 nmethod 10846 0x00000000031bb0d0 code [0x00000000031bb320, 0x00000000031bbe38]
Event: 22.971 Thread 0x000000001d658800 10848       3       javaslang.collection.HashMap::remove (6 bytes)
Event: 22.972 Thread 0x000000001d658800 nmethod 10848 0x0000000003596fd0 code [0x0000000003597140, 0x0000000003597348]
Event: 22.973 Thread 0x000000001d658800 10849       3       javaslang.collection.HashArrayMappedTrieModule$AbstractNode::remove (15 bytes)
Event: 22.973 Thread 0x000000001d658800 nmethod 10849 0x000000000310c3d0 code [0x000000000310c560, 0x000000000310c918]
Event: 22.983 Thread 0x000000001d658800 10850       3       org.jetbrains.kotlin.resolve.lazy.FileScopeFactory$currentPackageScope$1::getContributedVariables (63 bytes)

GC Heap History (10 events):
Event: 11.053 GC heap before
{Heap before GC invocations=7 (full 2):
 PSYoungGen      total 98816K, used 88064K [0x000000076b180000, 0x0000000771d00000, 0x00000007c0000000)
  eden space 88064K, 100% used [0x000000076b180000,0x0000000770780000,0x0000000770780000)
  from space 10752K, 0% used [0x0000000771200000,0x0000000771200000,0x0000000771c80000)
  to   space 10752K, 0% used [0x0000000770780000,0x0000000770780000,0x0000000771200000)
 ParOldGen       total 221184K, used 34302K [0x00000006c1400000, 0x00000006cec00000, 0x000000076b180000)
  object space 221184K, 15% used [0x00000006c1400000,0x00000006c357faa8,0x00000006cec00000)
 Metaspace       used 45766K, capacity 46680K, committed 47104K, reserved 1089536K
  class space    used 5817K, capacity 6068K, committed 6144K, reserved 1048576K
Event: 11.080 GC heap after
Heap after GC invocations=7 (full 2):
 PSYoungGen      total 98816K, used 10744K [0x000000076b180000, 0x0000000774f00000, 0x00000007c0000000)
  eden space 88064K, 0% used [0x000000076b180000,0x000000076b180000,0x0000000770780000)
  from space 10752K, 99% used [0x0000000770780000,0x00000007711fe1d0,0x0000000771200000)
  to   space 23552K, 0% used [0x0000000773800000,0x0000000773800000,0x0000000774f00000)
 ParOldGen       total 221184K, used 41891K [0x00000006c1400000, 0x00000006cec00000, 0x000000076b180000)
  object space 221184K, 18% used [0x00000006c1400000,0x00000006c3ce8fc0,0x00000006cec00000)
 Metaspace       used 45766K, capacity 46680K, committed 47104K, reserved 1089536K
  class space    used 5817K, capacity 6068K, committed 6144K, reserved 1048576K
}
Event: 15.280 GC heap before
{Heap before GC invocations=8 (full 2):
 PSYoungGen      total 98816K, used 98808K [0x000000076b180000, 0x0000000774f00000, 0x00000007c0000000)
  eden space 88064K, 100% used [0x000000076b180000,0x0000000770780000,0x0000000770780000)
  from space 10752K, 99% used [0x0000000770780000,0x00000007711fe1d0,0x0000000771200000)
  to   space 23552K, 0% used [0x0000000773800000,0x0000000773800000,0x0000000774f00000)
 ParOldGen       total 221184K, used 41891K [0x00000006c1400000, 0x00000006cec00000, 0x000000076b180000)
  object space 221184K, 18% used [0x00000006c1400000,0x00000006c3ce8fc0,0x00000006cec00000)
 Metaspace       used 53815K, capacity 55026K, committed 55296K, reserved 1097728K
  class space    used 6744K, capacity 7043K, committed 7168K, reserved 1048576K
Event: 15.327 GC heap after
Heap after GC invocations=8 (full 2):
 PSYoungGen      total 132096K, used 23527K [0x000000076b180000, 0x0000000775800000, 0x00000007c0000000)
  eden space 108544K, 0% used [0x000000076b180000,0x000000076b180000,0x0000000771b80000)
  from space 23552K, 99% used [0x0000000773800000,0x0000000774ef9d90,0x0000000774f00000)
  to   space 29184K, 0% used [0x0000000771b80000,0x0000000771b80000,0x0000000773800000)
 ParOldGen       total 221184K, used 47909K [0x00000006c1400000, 0x00000006cec00000, 0x000000076b180000)
  object space 221184K, 21% used [0x00000006c1400000,0x00000006c42c9610,0x00000006cec00000)
 Metaspace       used 53815K, capacity 55026K, committed 55296K, reserved 1097728K
  class space    used 6744K, capacity 7043K, committed 7168K, reserved 1048576K
}
Event: 18.295 GC heap before
{Heap before GC invocations=9 (full 2):
 PSYoungGen      total 132096K, used 132071K [0x000000076b180000, 0x0000000775800000, 0x00000007c0000000)
  eden space 108544K, 100% used [0x000000076b180000,0x0000000771b80000,0x0000000771b80000)
  from space 23552K, 99% used [0x0000000773800000,0x0000000774ef9d90,0x0000000774f00000)
  to   space 29184K, 0% used [0x0000000771b80000,0x0000000771b80000,0x0000000773800000)
 ParOldGen       total 221184K, used 47909K [0x00000006c1400000, 0x00000006cec00000, 0x000000076b180000)
  object space 221184K, 21% used [0x00000006c1400000,0x00000006c42c9610,0x00000006cec00000)
 Metaspace       used 57194K, capacity 58444K, committed 58624K, reserved 1099776K
  class space    used 7068K, capacity 7356K, committed 7424K, reserved 1048576K
Event: 18.379 GC heap after
Heap after GC invocations=9 (full 2):
 PSYoungGen      total 137728K, used 29157K [0x000000076b180000, 0x0000000778680000, 0x00000007c0000000)
  eden space 108544K, 0% used [0x000000076b180000,0x000000076b180000,0x0000000771b80000)
  from space 29184K, 99% used [0x0000000771b80000,0x00000007737f95f8,0x0000000773800000)
  to   space 38400K, 0% used [0x0000000776100000,0x0000000776100000,0x0000000778680000)
 ParOldGen       total 221184K, used 58978K [0x00000006c1400000, 0x00000006cec00000, 0x000000076b180000)
  object space 221184K, 26% used [0x00000006c1400000,0x00000006c4d988e8,0x00000006cec00000)
 Metaspace       used 57194K, capacity 58444K, committed 58624K, reserved 1099776K
  class space    used 7068K, capacity 7356K, committed 7424K, reserved 1048576K
}
Event: 18.435 GC heap before
{Heap before GC invocations=10 (full 2):
 PSYoungGen      total 137728K, used 33432K [0x000000076b180000, 0x0000000778680000, 0x00000007c0000000)
  eden space 108544K, 3% used [0x000000076b180000,0x000000076b5acd88,0x0000000771b80000)
  from space 29184K, 99% used [0x0000000771b80000,0x00000007737f95f8,0x0000000773800000)
  to   space 38400K, 0% used [0x0000000776100000,0x0000000776100000,0x0000000778680000)
 ParOldGen       total 221184K, used 58978K [0x00000006c1400000, 0x00000006cec00000, 0x000000076b180000)
  object space 221184K, 26% used [0x00000006c1400000,0x00000006c4d988e8,0x00000006cec00000)
 Metaspace       used 57623K, capacity 58860K, committed 59008K, reserved 1101824K
  class space    used 7158K, capacity 7452K, committed 7552K, reserved 1048576K
Event: 18.487 GC heap after
Heap after GC invocations=10 (full 2):
 PSYoungGen      total 178176K, used 29628K [0x000000076b180000, 0x000000077b900000, 0x00000007c0000000)
  eden space 139776K, 0% used [0x000000076b180000,0x000000076b180000,0x0000000773a00000)
  from space 38400K, 77% used [0x0000000776100000,0x0000000777def148,0x0000000778680000)
  to   space 39936K, 0% used [0x0000000773a00000,0x0000000773a00000,0x0000000776100000)
 ParOldGen       total 221184K, used 58986K [0x00000006c1400000, 0x00000006cec00000, 0x000000076b180000)
  object space 221184K, 26% used [0x00000006c1400000,0x00000006c4d9a8e8,0x00000006cec00000)
 Metaspace       used 57623K, capacity 58860K, committed 59008K, reserved 1101824K
  class space    used 7158K, capacity 7452K, committed 7552K, reserved 1048576K
}
Event: 18.487 GC heap before
{Heap before GC invocations=11 (full 3):
 PSYoungGen      total 178176K, used 29628K [0x000000076b180000, 0x000000077b900000, 0x00000007c0000000)
  eden space 139776K, 0% used [0x000000076b180000,0x000000076b180000,0x0000000773a00000)
  from space 38400K, 77% used [0x0000000776100000,0x0000000777def148,0x0000000778680000)
  to   space 39936K, 0% used [0x0000000773a00000,0x0000000773a00000,0x0000000776100000)
 ParOldGen       total 221184K, used 58986K [0x00000006c1400000, 0x00000006cec00000, 0x000000076b180000)
  object space 221184K, 26% used [0x00000006c1400000,0x00000006c4d9a8e8,0x00000006cec00000)
 Metaspace       used 57623K, capacity 58860K, committed 59008K, reserved 1101824K
  class space    used 7158K, capacity 7452K, committed 7552K, reserved 1048576K
Event: 18.899 GC heap after
Heap after GC invocations=11 (full 3):
 PSYoungGen      total 178176K, used 0K [0x000000076b180000, 0x000000077b900000, 0x00000007c0000000)
  eden space 139776K, 0% used [0x000000076b180000,0x000000076b180000,0x0000000773a00000)
  from space 38400K, 0% used [0x0000000776100000,0x0000000776100000,0x0000000778680000)
  to   space 39936K, 0% used [0x0000000773a00000,0x0000000773a00000,0x0000000776100000)
 ParOldGen       total 278016K, used 64682K [0x00000006c1400000, 0x00000006d2380000, 0x000000076b180000)
  object space 278016K, 23% used [0x00000006c1400000,0x00000006c532a990,0x00000006d2380000)
 Metaspace       used 57623K, capacity 58860K, committed 59008K, reserved 1101824K
  class space    used 7158K, capacity 7452K, committed 7552K, reserved 1048576K
}

Deoptimization events (10 events):
Event: 22.788 Thread 0x00000000026e3000 Uncommon trap: reason=bimorphic action=maybe_recompile pc=0x0000000004f91624 method=org.jetbrains.kotlin.types.TypeSubstitutionKt.replace$default(Lorg/jetbrains/kotlin/types/KotlinType;Ljava/util/List;Lorg/jetbrains/kotlin/descriptors/annotations/Annotati
Event: 22.788 Thread 0x00000000026e3000 Uncommon trap: reason=bimorphic action=maybe_recompile pc=0x0000000004f91624 method=org.jetbrains.kotlin.types.TypeSubstitutionKt.replace$default(Lorg/jetbrains/kotlin/types/KotlinType;Ljava/util/List;Lorg/jetbrains/kotlin/descriptors/annotations/Annotati
Event: 22.788 Thread 0x00000000026e3000 Uncommon trap: reason=unstable_if action=reinterpret pc=0x0000000004fadbec method=org.jetbrains.kotlin.types.TypeSubstitutionKt.replace(Lorg/jetbrains/kotlin/types/KotlinType;Ljava/util/List;Lorg/jetbrains/kotlin/descriptors/annotations/Annotations;Ljava/
Event: 22.791 Thread 0x00000000026e3000 Uncommon trap: reason=speculate_class_check action=maybe_recompile pc=0x0000000004decc3c method=org.jetbrains.kotlin.types.TypeUtils.contains(Lorg/jetbrains/kotlin/types/KotlinType;Lkotlin/jvm/functions/Function1;Lorg/jetbrains/kotlin/utils/SmartSet;)Z @ 
Event: 22.792 Thread 0x00000000026e3000 Uncommon trap: reason=speculate_class_check action=maybe_recompile pc=0x0000000004decc3c method=org.jetbrains.kotlin.types.TypeUtils.contains(Lorg/jetbrains/kotlin/types/KotlinType;Lkotlin/jvm/functions/Function1;Lorg/jetbrains/kotlin/utils/SmartSet;)Z @ 
Event: 22.793 Thread 0x00000000026e3000 Uncommon trap: reason=bimorphic action=maybe_recompile pc=0x0000000004f91624 method=org.jetbrains.kotlin.types.TypeSubstitutionKt.replace$default(Lorg/jetbrains/kotlin/types/KotlinType;Ljava/util/List;Lorg/jetbrains/kotlin/descriptors/annotations/Annotati
Event: 22.853 Thread 0x00000000026e3000 Uncommon trap: reason=array_check action=maybe_recompile pc=0x0000000004f99a78 method=org.jetbrains.kotlin.com.intellij.extapi.psi.StubBasedPsiElementBase.getStubOrPsiChildren(Lorg/jetbrains/kotlin/com/intellij/psi/stubs/IStubElementType;Lorg/jetbrains/ko
Event: 22.854 Thread 0x00000000026e3000 Uncommon trap: reason=array_check action=maybe_recompile pc=0x0000000004f99a78 method=org.jetbrains.kotlin.com.intellij.extapi.psi.StubBasedPsiElementBase.getStubOrPsiChildren(Lorg/jetbrains/kotlin/com/intellij/psi/stubs/IStubElementType;Lorg/jetbrains/ko
Event: 22.856 Thread 0x00000000026e3000 Uncommon trap: reason=array_check action=maybe_recompile pc=0x0000000004f99a78 method=org.jetbrains.kotlin.com.intellij.extapi.psi.StubBasedPsiElementBase.getStubOrPsiChildren(Lorg/jetbrains/kotlin/com/intellij/psi/stubs/IStubElementType;Lorg/jetbrains/ko
Event: 22.856 Thread 0x00000000026e3000 Uncommon trap: reason=array_check action=maybe_recompile pc=0x0000000004f99a78 method=org.jetbrains.kotlin.com.intellij.extapi.psi.StubBasedPsiElementBase.getStubOrPsiChildren(Lorg/jetbrains/kotlin/com/intellij/psi/stubs/IStubElementType;Lorg/jetbrains/ko

Classes redefined (0 events):
No events

Internal exceptions (10 events):
Event: 14.911 Thread 0x00000000026e3000 Implicit null exception at 0x0000000002c5527b to 0x0000000002c55865
Event: 14.932 Thread 0x00000000026e3000 Implicit null exception at 0x0000000002a90b6f to 0x0000000002a90bd9
Event: 17.494 Thread 0x00000000026e3000 Exception <a 'java/lang/IncompatibleClassChangeError': Found class java.lang.Object, but interface was expected> (0x00000007706a69f8) thrown at [C:\re\workspace\8-2-build-windows-amd64-cygwin\jdk8u181\11358\hotspot\src\share\vm\interpreter\linkResolver.cp
Event: 17.902 Thread 0x00000000026e3000 Implicit null exception at 0x000000000406135c to 0x0000000004062821
Event: 20.545 Thread 0x00000000026e3000 Implicit null exception at 0x000000000360101e to 0x0000000003601a6d
Event: 20.570 Thread 0x00000000026e3000 Implicit null exception at 0x0000000002baa856 to 0x0000000002baac01
Event: 20.577 Thread 0x00000000026e3000 Implicit null exception at 0x0000000002a248d6 to 0x0000000002a24c79
Event: 21.011 Thread 0x00000000026e3000 Implicit null exception at 0x0000000004ab3930 to 0x0000000004ab3995
Event: 22.632 Thread 0x00000000026e3000 Implicit null exception at 0x0000000004a7093b to 0x0000000004a70e31
Event: 22.696 Thread 0x00000000026e3000 Implicit null exception at 0x0000000002a5bf95 to 0x0000000002a5c1a5

Events (10 events):
Event: 22.967 Thread 0x000000001d658800 flushing nmethod 0x000000000365b410
Event: 22.968 Thread 0x000000001d658800 flushing nmethod 0x0000000003742610
Event: 22.969 Thread 0x000000001d658800 flushing nmethod 0x00000000038ba710
Event: 22.969 Thread 0x000000001d658800 flushing nmethod 0x00000000038f0650
Event: 22.972 Thread 0x000000001d658800 flushing nmethod 0x0000000003980350
Event: 22.972 Thread 0x000000001d658800 flushing nmethod 0x0000000003b43190
Event: 22.974 Thread 0x000000001d658800 flushing nmethod 0x0000000003cec590
Event: 22.974 Thread 0x000000001d658800 flushing nmethod 0x0000000003d91450
Event: 22.974 Thread 0x000000001d658800 flushing nmethod 0x0000000003dc9250
Event: 22.974 Thread 0x000000001d658800 flushing nmethod 0x0000000003e03450


Dynamic libraries:
0x00007ff6d2d80000 - 0x00007ff6d2db7000 	C:\Program Files\Java\jdk1.8.0_181\jre\bin\java.exe
0x00007ffec2cb0000 - 0x00007ffec2ea5000 	C:\WINDOWS\SYSTEM32\ntdll.dll
0x00007ffec2a80000 - 0x00007ffec2b3d000 	C:\WINDOWS\System32\KERNEL32.DLL
0x00007ffec0890000 - 0x00007ffec0b58000 	C:\WINDOWS\System32\KERNELBASE.dll
0x00007ffec0fa0000 - 0x00007ffec104c000 	C:\WINDOWS\System32\ADVAPI32.dll
0x00007ffec1710000 - 0x00007ffec17ae000 	C:\WINDOWS\System32\msvcrt.dll
0x00007ffec28b0000 - 0x00007ffec294b000 	C:\WINDOWS\System32\sechost.dll
0x00007ffec11f0000 - 0x00007ffec131b000 	C:\WINDOWS\System32\RPCRT4.dll
0x00007ffec1050000 - 0x00007ffec11f0000 	C:\WINDOWS\System32\USER32.dll
0x00007ffec0740000 - 0x00007ffec0762000 	C:\WINDOWS\System32\win32u.dll
0x00007ffec0d80000 - 0x00007ffec0daa000 	C:\WINDOWS\System32\GDI32.dll
0x00007ffec0b60000 - 0x00007ffec0c6b000 	C:\WINDOWS\System32\gdi32full.dll
0x00007ffec07f0000 - 0x00007ffec088d000 	C:\WINDOWS\System32\msvcp_win.dll
0x00007ffec05e0000 - 0x00007ffec06e0000 	C:\WINDOWS\System32\ucrtbase.dll
0x00007ffeaf8e0000 - 0x00007ffeafb7a000 	C:\WINDOWS\WinSxS\amd64_microsoft.windows.common-controls_6595b64144ccf1df_6.0.19041.1052_none_60b8f8fd71f5e8cb\COMCTL32.dll
0x00007ffec0db0000 - 0x00007ffec0de0000 	C:\WINDOWS\System32\IMM32.DLL
0x0000000072a10000 - 0x0000000072ae2000 	C:\Program Files\Java\jdk1.8.0_181\jre\bin\msvcr100.dll
0x0000000072160000 - 0x0000000072a02000 	C:\Program Files\Java\jdk1.8.0_181\jre\bin\server\jvm.dll
0x00007ffec13d0000 - 0x00007ffec13d8000 	C:\WINDOWS\System32\PSAPI.DLL
0x00007ffeb8b30000 - 0x00007ffeb8b39000 	C:\WINDOWS\SYSTEM32\WSOCK32.dll
0x00007ffec1ff0000 - 0x00007ffec205b000 	C:\WINDOWS\System32\WS2_32.dll
0x00007ffeb0a40000 - 0x00007ffeb0a67000 	C:\WINDOWS\SYSTEM32\WINMM.dll
0x00007ffeb6c00000 - 0x00007ffeb6c0a000 	C:\WINDOWS\SYSTEM32\VERSION.dll
0x0000000072150000 - 0x000000007215f000 	C:\Program Files\Java\jdk1.8.0_181\jre\bin\verify.dll
0x0000000072120000 - 0x0000000072149000 	C:\Program Files\Java\jdk1.8.0_181\jre\bin\java.dll
0x0000000072100000 - 0x0000000072116000 	C:\Program Files\Java\jdk1.8.0_181\jre\bin\zip.dll
0x00007ffec17b0000 - 0x00007ffec1eef000 	C:\WINDOWS\System32\SHELL32.dll
0x00007ffebdc80000 - 0x00007ffebe410000 	C:\WINDOWS\SYSTEM32\windows.storage.dll
0x00007ffec20e0000 - 0x00007ffec2435000 	C:\WINDOWS\System32\combase.dll
0x00007ffebfd90000 - 0x00007ffebfdbc000 	C:\WINDOWS\SYSTEM32\Wldp.dll
0x00007ffec2b40000 - 0x00007ffec2bee000 	C:\WINDOWS\System32\SHCORE.dll
0x00007ffec2060000 - 0x00007ffec20b5000 	C:\WINDOWS\System32\shlwapi.dll
0x00007ffec0330000 - 0x00007ffec034f000 	C:\WINDOWS\SYSTEM32\profapi.dll
0x00000000720e0000 - 0x00000000720fa000 	C:\Program Files\Java\jdk1.8.0_181\jre\bin\net.dll
0x00007ffebfb70000 - 0x00007ffebfbda000 	C:\WINDOWS\system32\mswsock.dll
0x00000000720c0000 - 0x00000000720d1000 	C:\Program Files\Java\jdk1.8.0_181\jre\bin\nio.dll

VM Arguments:
java_command: org.jetbrains.kotlin.cli.jvm.K2JVMCompiler @E:\QuranApp\node_modules\react-native-navigation\lib\android\app\build\20210706_1255648365535778128.compiler.options
java_class_path (initial): C:\Users\Asim Raza\.gradle\caches\modules-2\files-2.1\org.jetbrains.kotlin\kotlin-compiler-embeddable\1.4.31\6451ea797cef544e81f507b0d9959cd97ae09c0\kotlin-compiler-embeddable-1.4.31.jar;C:\Users\Asim Raza\.gradle\caches\modules-2\files-2.1\org.jetbrains.kotlin\kotlin-reflect\1.4.31\63db9d66c3d20f7b8f66196e7ba86969daae8b8a\kotlin-reflect-1.4.31.jar;C:\Users\Asim Raza\.gradle\caches\modules-2\files-2.1\org.jetbrains.kotlin\kotlin-stdlib\1.4.31\a58e0fb9812a6a93ca24b5da75e4b5a0cb89c957\kotlin-stdlib-1.4.31.jar;C:\Users\Asim Raza\.gradle\caches\modules-2\files-2.1\org.jetbrains.kotlin\kotlin-script-runtime\1.4.31\183616b52cfb8ddaa8a2a15bf926e87dfcddcde3\kotlin-script-runtime-1.4.31.jar;C:\Users\Asim Raza\.gradle\caches\modules-2\files-2.1\org.jetbrains.kotlin\kotlin-daemon-embeddable\1.4.31\10faf8ac3dd5975ed972b2bc395b4ffc7ffde246\kotlin-daemon-embeddable-1.4.31.jar;C:\Users\Asim Raza\.gradle\caches\modules-2\files-2.1\org.jetbrains.intellij.deps\trove4j\1.0.20181211\216c2e14b070f334479d800987affe4054cd563f\trove4j-1.0.20181211.jar;C:\Users\Asim Raza\.gradle\caches\modules-2\files-2.1\org.jetbrains.kotlin\kotlin-stdlib-common\1.4.31\6dd50665802f54ba9bc3f70ecb20227d1bc81323\kotlin-stdlib-common-1.4.31.jar;C:\Users\Asim Raza\.gradle\caches\modules-2\files-2.1\org.jetbrains\annotations\13.0\919f0dfe192fb4e063e7dacadee7f8bb9a2672a9\annotations-13.0.jar;C:\Program Files\Java\jdk1.8.0_181\lib\tools.jar
Launcher Type: SUN_STANDARD

Environment Variables:
JAVA_HOME=C:\Program Files\Java\jdk1.8.0_181
CLASSPATH=E:\QuranApp\android\\gradle\wrapper\gradle-wrapper.jar
PATH=E:\QuranApp\android\node_modules\.bin;E:\QuranApp\node_modules\.bin;E:\node_modules\.bin;C:\Program Files\nodejs;C:\Python27\;C:\Python27\Scripts;C:\Program Files (x86)\NVIDIA Corporation\PhysX\Common;C:\Program Files (x86)\Common Files\Oracle\Java\javapath;C:\WINDOWS\system32;C:\WINDOWS;C:\WINDOWS\System32\Wbem;C:\WINDOWS\System32\WindowsPowerShell\v1.0\;C:\WINDOWS\System32\OpenSSH\;C:\Program Files\Git\cmd;C:\HashiCorp\Vagrant\bin;C:\Program Files\PuTTY\;C:\Program Files\Java\jdk1.8.0_181;C:\ProgramData\chocolatey\bin;C:\Program Files\OpenJDK\openjdk-8u262-b10\bin;C:\Program Files\Microsoft SQL Server\130\Tools\Binn\;C:\Program Files (x86)\Microsoft SQL Server\100\Tools\Binn\;C:\Program Files\Microsoft SQL Server\100\Tools\Binn\;C:\Program Files\Microsoft SQL Server\100\DTS\Binn\;C:\Program Files (x86)\Microsoft SQL Server\100\Tools\Binn\VSShell\Common7\IDE\;C:\Program Files (x86)\Microsoft SQL Server\100\DTS\Binn\;C:\Program Files (x86)\Microsoft Visual Studio 9.0\Common7\IDE\PrivateAssemblies\;C:\ProgramData\ComposerSetup\bin;C:\Program Files\nodejs\;C:\Users\Asim Raza\AppData\Local\Microsoft\WindowsApps;C:\php;C:\Program Files\Oracle\VirtualBox\;C:\Users\Asim Raza\AppData\Local\Programs\Microsoft VS Code\bin;C:\Users\Asim Raza\AppData\Roaming\Composer\vendor\bin;C:\Users\Asim Raza\AppData\Local\Android\Sdk\platforms;C:\Users\Asim Raza\AppData\Local\Android\Sdk\platform-tools;C:\Users\Asim Raza\AppData\Local\Android\Sdk\tools;C:\Users\Asim Raza\AppData\Local\Android\Sdk\tools\bin;C:\Users\Asim Raza\AppData\Local\Android\Sdk\emulator;C:\Program Files\Java\jdk1.8.0_181\bin;C:\Users\Asim Raza\AppData\Roaming\npm;E:\flutter_windows_2.0.2-stable\flutter\bin;E:\flutter_windows_2.0.2-stable\flutter;
USERNAME=Asim Raza
OS=Windows_NT
PROCESSOR_IDENTIFIER=Intel64 Family 6 Model 60 Stepping 3, GenuineIntel



---------------  S Y S T E M  ---------------

OS: Windows 10.0 , 64 bit Build 19041 (10.0.19041.1023)

CPU:total 4 (initial active 4) (2 cores per cpu, 2 threads per core) family 6 model 60 stepping 3, cmov, cx8, fxsr, mmx, sse, sse2, sse3, ssse3, sse4.1, sse4.2, popcnt, avx, avx2, aes, clmul, erms, lzcnt, ht, tsc, tscinvbit, bmi1, bmi2

Memory: 4k page, physical 16688236k(2652960k free), swap 27173996k(5576k free)

vm_info: Java HotSpot(TM) 64-Bit Server VM (25.181-b13) for windows-amd64 JRE (1.8.0_181-b13), built on Jul  7 2018 04:01:33 by "java_re" with MS VC++ 10.0 (VS2010)

time: Tue Jul 06 18:27:25 2021
elapsed time: 22 seconds (0d 0h 0m 22s)

